<?xml version="1.0" encoding="UTF-8"?>
<!-- Generated by org.testng.reporters.JUnitReportReporter -->
<testsuite skipped="0" hostname="Balaji" name="com.maveric.test.MagentoTest" tests="1" failures="0" timestamp="10 Nov 2018 07:23:14 GMT" time="10.642" errors="0">
  <testcase name="CredentialTest" time="10.642" classname="com.maveric.test.MagentoTest"/>
</testsuite> <!-- com.maveric.test.MagentoTest -->
